c:\users\chelly\documents\visual studio 2010\projects\serial_connect\serial_connect\debug\fifo.obj
c:\users\chelly\documents\visual studio 2010\projects\serial_connect\serial_connect\debug\main.obj
c:\users\chelly\documents\visual studio 2010\projects\serial_connect\serial_connect\debug\serial.obj
c:\users\chelly\documents\visual studio 2010\projects\serial_connect\serial_connect\debug\vc100.pdb
c:\users\chelly\documents\visual studio 2010\projects\serial_connect\debug\serial_connect.ilk
c:\users\chelly\documents\visual studio 2010\projects\serial_connect\debug\serial_connect.exe
c:\users\chelly\documents\visual studio 2010\projects\serial_connect\serial_connect\debug\serial_connect.exe.intermediate.manifest
c:\users\chelly\documents\visual studio 2010\projects\serial_connect\debug\serial_connect.pdb
c:\users\chelly\documents\visual studio 2010\projects\serial_connect\serial_connect\debug\serial_connect.exe.embed.manifest
c:\users\chelly\documents\visual studio 2010\projects\serial_connect\serial_connect\debug\serial_connect.exe.embed.manifest.res
d:\document\github\windows-serial-connection-program\serial_connect\debug\vc120.pdb
d:\document\github\windows-serial-connection-program\serial_connect\debug\vc120.idb
d:\document\github\windows-serial-connection-program\serial_connect\debug\fifo.obj
d:\document\github\windows-serial-connection-program\serial_connect\debug\main.obj
d:\document\github\windows-serial-connection-program\serial_connect\debug\serial.obj
d:\document\github\windows-serial-connection-program\debug\serial_connect.ilk
d:\document\github\windows-serial-connection-program\debug\serial_connect.exe
d:\document\github\windows-serial-connection-program\debug\serial_connect.pdb
e:\desktop\windows-serial-connection-program\serial_connect\debug\fifo.obj
e:\desktop\windows-serial-connection-program\serial_connect\debug\main.obj
e:\desktop\windows-serial-connection-program\serial_connect\debug\serial.obj
e:\desktop\windows-serial-connection-program\serial_connect\debug\cl.command.1.tlog
e:\desktop\windows-serial-connection-program\serial_connect\debug\cl.read.1.tlog
e:\desktop\windows-serial-connection-program\serial_connect\debug\cl.write.1.tlog
e:\desktop\windows-serial-connection-program\serial_connect\debug\link-cvtres.read.1.tlog
e:\desktop\windows-serial-connection-program\serial_connect\debug\link-cvtres.write.1.tlog
e:\desktop\windows-serial-connection-program\serial_connect\debug\link.19016-cvtres.read.1.tlog
e:\desktop\windows-serial-connection-program\serial_connect\debug\link.19016-cvtres.write.1.tlog
e:\desktop\windows-serial-connection-program\serial_connect\debug\link.19016.read.1.tlog
e:\desktop\windows-serial-connection-program\serial_connect\debug\link.19016.write.1.tlog
e:\desktop\windows-serial-connection-program\serial_connect\debug\link.command.1.tlog
e:\desktop\windows-serial-connection-program\serial_connect\debug\link.read.1.tlog
e:\desktop\windows-serial-connection-program\serial_connect\debug\link.write.1.tlog
e:\desktop\windows-serial-connection-program\serial_connect\debug\mt.command.1.tlog
e:\desktop\windows-serial-connection-program\serial_connect\debug\mt.read.1.tlog
e:\desktop\windows-serial-connection-program\serial_connect\debug\mt.write.1.tlog
e:\desktop\windows-serial-connection-program\serial_connect\debug\rc.command.1.tlog
e:\desktop\windows-serial-connection-program\serial_connect\debug\rc.read.1.tlog
e:\desktop\windows-serial-connection-program\serial_connect\debug\rc.write.1.tlog
e:\desktop\windows-serial-connection-program\serial_connect\debug\serial_connect.exe.embed.manifest
e:\desktop\windows-serial-connection-program\serial_connect\debug\serial_connect.exe.intermediate.manifest
e:\desktop\windows-serial-connection-program\serial_connect\debug\serial_connect.exe.embed.manifest.res
e:\desktop\windows-serial-connection-program\serial_connect\debug\vc100.idb
e:\desktop\windows-serial-connection-program\serial_connect\debug\vc120.idb
e:\desktop\windows-serial-connection-program\serial_connect\debug\vc120.pdb
e:\desktop\windows-serial-connection-program\serial_connect\debug\serial_connect_manifest.rc
e:\desktop\windows-serial-connection-program\debug\serial_connect.pdb
e:\desktop\windows-serial-connection-program\debug\serial_connect.exe
e:\desktop\windows-serial-connection-program\debug\serial_connect.ilk
e:\desktop\windows-serial-connection-program\serial_connect\debug\serial_connect.tlog\cl.command.1.tlog
e:\desktop\windows-serial-connection-program\serial_connect\debug\serial_connect.tlog\cl.read.1.tlog
e:\desktop\windows-serial-connection-program\serial_connect\debug\serial_connect.tlog\cl.write.1.tlog
e:\desktop\windows-serial-connection-program\serial_connect\debug\serial_connect.tlog\link.command.1.tlog
e:\desktop\windows-serial-connection-program\serial_connect\debug\serial_connect.tlog\link.read.1.tlog
e:\desktop\windows-serial-connection-program\serial_connect\debug\serial_connect.tlog\link.write.1.tlog
